Analysis & Synthesis report for Lab1Demo
Thu Aug 15 23:15:06 2019
Quartus Prime Version 17.0.0 Build 595 04/25/2017 SJ Lite Edition


---------------------
; Table of Contents ;
---------------------
  1. Legal Notice
  2. Analysis & Synthesis Summary
  3. Analysis & Synthesis Settings
  4. Parallel Compilation
  5. Analysis & Synthesis Messages
  6. Analysis & Synthesis Suppressed Messages



----------------
; Legal Notice ;
----------------
Copyright (C) 2017  Intel Corporation. All rights reserved.
Your use of Intel Corporation's design tools, logic functions 
and other software and tools, and its AMPP partner logic 
functions, and any output files from any of the foregoing 
(including device programming or simulation files), and any 
associated documentation or information are expressly subject 
to the terms and conditions of the Intel Program License 
Subscription Agreement, the Intel Quartus Prime License Agreement,
the Intel MegaCore Function License Agreement, or other 
applicable license agreement, including, without limitation, 
that your use is for the sole purpose of programming logic 
devices manufactured by Intel and sold by Intel or its 
authorized distributors.  Please refer to the applicable 
agreement for further details.



+---------------------------------------------------------------------------+
; Analysis & Synthesis Summary                                              ;
+-----------------------------+---------------------------------------------+
; Analysis & Synthesis Status ; Failed - Thu Aug 15 23:15:06 2019           ;
; Quartus Prime Version       ; 17.0.0 Build 595 04/25/2017 SJ Lite Edition ;
; Revision Name               ; Lab1Demo                                    ;
; Top-level Entity Name       ; background_priority_mux                     ;
; Family                      ; Cyclone V                                   ;
; Logic utilization (in ALMs) ; N/A until Partition Merge                   ;
; Total registers             ; N/A until Partition Merge                   ;
; Total pins                  ; N/A until Partition Merge                   ;
; Total virtual pins          ; N/A until Partition Merge                   ;
; Total block memory bits     ; N/A until Partition Merge                   ;
; Total PLLs                  ; N/A until Partition Merge                   ;
; Total DLLs                  ; N/A until Partition Merge                   ;
+-----------------------------+---------------------------------------------+


+--------------------------------------------------------------------------------------------------------------------------------+
; Analysis & Synthesis Settings                                                                                                  ;
+---------------------------------------------------------------------------------+-------------------------+--------------------+
; Option                                                                          ; Setting                 ; Default Value      ;
+---------------------------------------------------------------------------------+-------------------------+--------------------+
; Device                                                                          ; 5CSXFC6D6F31C6          ;                    ;
; Top-level entity name                                                           ; background_priority_mux ; Lab1Demo           ;
; Family name                                                                     ; Cyclone V               ; Cyclone V          ;
; Use smart compilation                                                           ; On                      ; Off                ;
; Maximum processors allowed for parallel compilation                             ; All                     ;                    ;
; Enable parallel Assembler and TimeQuest Timing Analyzer during compilation      ; On                      ; On                 ;
; Enable compact report table                                                     ; Off                     ; Off                ;
; Restructure Multiplexers                                                        ; Auto                    ; Auto               ;
; MLAB Add Timing Constraints For Mixed-Port Feed-Through Mode Setting Don't Care ; Off                     ; Off                ;
; Create Debugging Nodes for IP Cores                                             ; Off                     ; Off                ;
; Preserve fewer node names                                                       ; On                      ; On                 ;
; OpenCore Plus hardware evaluation                                               ; Enable                  ; Enable             ;
; Verilog Version                                                                 ; Verilog_2001            ; Verilog_2001       ;
; VHDL Version                                                                    ; VHDL_1993               ; VHDL_1993          ;
; State Machine Processing                                                        ; Auto                    ; Auto               ;
; Safe State Machine                                                              ; Off                     ; Off                ;
; Extract Verilog State Machines                                                  ; On                      ; On                 ;
; Extract VHDL State Machines                                                     ; On                      ; On                 ;
; Ignore Verilog initial constructs                                               ; Off                     ; Off                ;
; Iteration limit for constant Verilog loops                                      ; 5000                    ; 5000               ;
; Iteration limit for non-constant Verilog loops                                  ; 250                     ; 250                ;
; Add Pass-Through Logic to Inferred RAMs                                         ; On                      ; On                 ;
; Infer RAMs from Raw Logic                                                       ; On                      ; On                 ;
; Parallel Synthesis                                                              ; On                      ; On                 ;
; DSP Block Balancing                                                             ; Auto                    ; Auto               ;
; NOT Gate Push-Back                                                              ; On                      ; On                 ;
; Power-Up Don't Care                                                             ; On                      ; On                 ;
; Remove Redundant Logic Cells                                                    ; Off                     ; Off                ;
; Remove Duplicate Registers                                                      ; On                      ; On                 ;
; Ignore CARRY Buffers                                                            ; Off                     ; Off                ;
; Ignore CASCADE Buffers                                                          ; Off                     ; Off                ;
; Ignore GLOBAL Buffers                                                           ; Off                     ; Off                ;
; Ignore ROW GLOBAL Buffers                                                       ; Off                     ; Off                ;
; Ignore LCELL Buffers                                                            ; Off                     ; Off                ;
; Ignore SOFT Buffers                                                             ; On                      ; On                 ;
; Limit AHDL Integers to 32 Bits                                                  ; Off                     ; Off                ;
; Optimization Technique                                                          ; Balanced                ; Balanced           ;
; Carry Chain Length                                                              ; 70                      ; 70                 ;
; Auto Carry Chains                                                               ; On                      ; On                 ;
; Auto Open-Drain Pins                                                            ; On                      ; On                 ;
; Perform WYSIWYG Primitive Resynthesis                                           ; Off                     ; Off                ;
; Auto ROM Replacement                                                            ; On                      ; On                 ;
; Auto RAM Replacement                                                            ; On                      ; On                 ;
; Auto DSP Block Replacement                                                      ; On                      ; On                 ;
; Auto Shift Register Replacement                                                 ; Auto                    ; Auto               ;
; Allow Shift Register Merging across Hierarchies                                 ; Auto                    ; Auto               ;
; Auto Clock Enable Replacement                                                   ; On                      ; On                 ;
; Strict RAM Replacement                                                          ; Off                     ; Off                ;
; Allow Synchronous Control Signals                                               ; On                      ; On                 ;
; Force Use of Synchronous Clear Signals                                          ; Off                     ; Off                ;
; Auto Resource Sharing                                                           ; Off                     ; Off                ;
; Allow Any RAM Size For Recognition                                              ; Off                     ; Off                ;
; Allow Any ROM Size For Recognition                                              ; Off                     ; Off                ;
; Allow Any Shift Register Size For Recognition                                   ; Off                     ; Off                ;
; Use LogicLock Constraints during Resource Balancing                             ; On                      ; On                 ;
; Ignore translate_off and synthesis_off directives                               ; Off                     ; Off                ;
; Timing-Driven Synthesis                                                         ; On                      ; On                 ;
; Report Parameter Settings                                                       ; On                      ; On                 ;
; Report Source Assignments                                                       ; On                      ; On                 ;
; Report Connectivity Checks                                                      ; On                      ; On                 ;
; Ignore Maximum Fan-Out Assignments                                              ; Off                     ; Off                ;
; Synchronization Register Chain Length                                           ; 3                       ; 3                  ;
; PowerPlay Power Optimization During Synthesis                                   ; Normal compilation      ; Normal compilation ;
; HDL message level                                                               ; Level2                  ; Level2             ;
; Suppress Register Optimization Related Messages                                 ; Off                     ; Off                ;
; Number of Removed Registers Reported in Synthesis Report                        ; 5000                    ; 5000               ;
; Number of Swept Nodes Reported in Synthesis Report                              ; 5000                    ; 5000               ;
; Number of Inverted Registers Reported in Synthesis Report                       ; 100                     ; 100                ;
; Clock MUX Protection                                                            ; On                      ; On                 ;
; Auto Gated Clock Conversion                                                     ; Off                     ; Off                ;
; Block Design Naming                                                             ; Auto                    ; Auto               ;
; SDC constraint protection                                                       ; Off                     ; Off                ;
; Synthesis Effort                                                                ; Auto                    ; Auto               ;
; Shift Register Replacement - Allow Asynchronous Clear Signal                    ; On                      ; On                 ;
; Pre-Mapping Resynthesis Optimization                                            ; Off                     ; Off                ;
; Analysis & Synthesis Message Level                                              ; Medium                  ; Medium             ;
; Disable Register Merging Across Hierarchies                                     ; Auto                    ; Auto               ;
; Resource Aware Inference For Block RAM                                          ; On                      ; On                 ;
; Automatic Parallel Synthesis                                                    ; On                      ; On                 ;
; Partial Reconfiguration Bitstream ID                                            ; Off                     ; Off                ;
+---------------------------------------------------------------------------------+-------------------------+--------------------+


+------------------------------------------+
; Parallel Compilation                     ;
+----------------------------+-------------+
; Processors                 ; Number      ;
+----------------------------+-------------+
; Number detected on machine ; 4           ;
; Maximum allowed            ; 2           ;
;                            ;             ;
; Average used               ; 1.00        ;
; Maximum used               ; 1           ;
;                            ;             ;
; Usage by Processor         ; % Time Used ;
;     Processor 1            ; 100.0%      ;
+----------------------------+-------------+


+-------------------------------+
; Analysis & Synthesis Messages ;
+-------------------------------+
Info: *******************************************************************
Info: Running Quartus Prime Analysis & Synthesis
    Info: Version 17.0.0 Build 595 04/25/2017 SJ Lite Edition
    Info: Processing started: Thu Aug 15 23:14:53 2019
Info: Command: quartus_map --read_settings_files=on --write_settings_files=off Lab1Demo -c Lab1Demo
Info (20030): Parallel compilation is enabled and will use 2 of the 2 processors detected
Info (12021): Found 1 design units, including 1 entities, in source file tplftx_bb.v
    Info (12023): Found entity 1: tplftx File: C:/Users/talsh/Desktop/MABADAA/proyect/Gil-Sherman/vga/tplftx_bb.v Line: 35
Info (12021): Found 1 design units, including 1 entities, in source file topleftxyz.v
    Info (12023): Found entity 1: topLeftXYZ File: C:/Users/talsh/Desktop/MABADAA/proyect/Gil-Sherman/vga/topLeftXYZ.v Line: 40
Info (12021): Found 1 design units, including 1 entities, in source file /users/talsh/desktop/mabadaa/proyect/gil-sherman/tachless/game_controller.sv
    Info (12023): Found entity 1: game_controller File: C:/Users/talsh/Desktop/MABADAA/proyect/Gil-Sherman/tachless/game_controller.sv Line: 4
Info (12021): Found 1 design units, including 1 entities, in source file /users/talsh/desktop/mabadaa/proyect/gil-sherman/tachless/dynamic_object_priority_mux.sv
    Info (12023): Found entity 1: dynamic_object_priority_mux File: C:/Users/talsh/Desktop/MABADAA/proyect/Gil-Sherman/tachless/dynamic_object_priority_mux.sv Line: 4
Info (12021): Found 1 design units, including 1 entities, in source file /users/talsh/desktop/mabadaa/proyect/gil-sherman/tachless/lab1demo.sv
    Info (12023): Found entity 1: MODUL_NAME File: C:/Users/talsh/Desktop/MABADAA/proyect/Gil-Sherman/tachless/Lab1Demo.sv Line: 4
Info (12021): Found 1 design units, including 1 entities, in source file /users/talsh/desktop/mabadaa/proyect/gil-sherman/tachless/all_time.sv
    Info (12023): Found entity 1: ALL_TIME File: C:/Users/talsh/Desktop/MABADAA/proyect/Gil-Sherman/tachless/ALL_TIME.sv Line: 4
Info (12021): Found 1 design units, including 1 entities, in source file /users/talsh/desktop/mabadaa/proyect/gil-sherman/debug/rtl/top_random.bdf
    Info (12023): Found entity 1: TOP_RANDOM
Info (12021): Found 1 design units, including 1 entities, in source file /users/talsh/desktop/mabadaa/proyect/gil-sherman/debug/rtl/top_kbdintf.bdf
    Info (12023): Found entity 1: TOP_KBDINTF
Info (12021): Found 1 design units, including 1 entities, in source file /users/talsh/desktop/mabadaa/proyect/gil-sherman/debug/rtl/top_kbd_demo.bdf
    Info (12023): Found entity 1: TOP_KBD_DEMO
Info (12021): Found 1 design units, including 1 entities, in source file /users/talsh/desktop/mabadaa/proyect/gil-sherman/debug/rtl/random.sv
    Info (12023): Found entity 1: random File: C:/Users/talsh/Desktop/MABADAA/proyect/Gil-Sherman/Debug/rtl/random.sv Line: 1
Info (12021): Found 1 design units, including 1 entities, in source file /users/talsh/desktop/mabadaa/proyect/gil-sherman/debug/rtl/lpf.sv
    Info (12023): Found entity 1: lpf File: C:/Users/talsh/Desktop/MABADAA/proyect/Gil-Sherman/Debug/rtl/lpf.sv Line: 5
Info (12021): Found 1 design units, including 1 entities, in source file /users/talsh/desktop/mabadaa/proyect/gil-sherman/debug/rtl/keytoggle_decoder.sv
    Info (12023): Found entity 1: keyToggle_decoder File: C:/Users/talsh/Desktop/MABADAA/proyect/Gil-Sherman/Debug/rtl/keyToggle_decoder.sv Line: 6
Info (12021): Found 1 design units, including 1 entities, in source file /users/talsh/desktop/mabadaa/proyect/gil-sherman/debug/rtl/kbdintf.bdf
    Info (12023): Found entity 1: KBDINTF
Info (12021): Found 1 design units, including 1 entities, in source file /users/talsh/desktop/mabadaa/proyect/gil-sherman/debug/rtl/hexss.sv
    Info (12023): Found entity 1: HexSS File: C:/Users/talsh/Desktop/MABADAA/proyect/Gil-Sherman/Debug/rtl/HexSS.sv Line: 4
Info (12021): Found 1 design units, including 1 entities, in source file /users/talsh/desktop/mabadaa/proyect/gil-sherman/debug/rtl/byterec.sv
    Info (12023): Found entity 1: byterec File: C:/Users/talsh/Desktop/MABADAA/proyect/Gil-Sherman/Debug/rtl/byterec.sv Line: 4
Info (12021): Found 1 design units, including 1 entities, in source file /users/talsh/desktop/mabadaa/proyect/gil-sherman/debug/rtl/bitrec.sv
    Info (12023): Found entity 1: bitrec File: C:/Users/talsh/Desktop/MABADAA/proyect/Gil-Sherman/Debug/rtl/bitrec.sv Line: 4
Info (12021): Found 1 design units, including 1 entities, in source file /users/talsh/desktop/mabadaa/proyect/gil-sherman/debug/keyval2.v
    Info (12023): Found entity 1: keyval2 File: C:/Users/talsh/Desktop/MABADAA/proyect/Gil-Sherman/Debug/keyval2.v Line: 40
Info (12021): Found 1 design units, including 1 entities, in source file /users/talsh/desktop/mabadaa/proyect/gil-sherman/debug/keyval1.v
    Info (12023): Found entity 1: keyval1 File: C:/Users/talsh/Desktop/MABADAA/proyect/Gil-Sherman/Debug/keyval1.v Line: 40
Info (12021): Found 1 design units, including 1 entities, in source file rtl/vga/top_vga_demo_with_mss.bdf
    Info (12023): Found entity 1: TOP_VGA_DEMO_WITH_MSS
Info (12021): Found 1 design units, including 1 entities, in source file rtl/vga/smileyface_move.sv
    Info (12023): Found entity 1: smileyface_move File: C:/Users/talsh/Desktop/MABADAA/proyect/Gil-Sherman/vga/RTL/VGA/smileyface_move.sv Line: 7
Info (12021): Found 1 design units, including 1 entities, in source file rtl/vga/square_object.sv
    Info (12023): Found entity 1: square_object File: C:/Users/talsh/Desktop/MABADAA/proyect/Gil-Sherman/vga/RTL/VGA/square_object.sv Line: 8
Info (12021): Found 1 design units, including 1 entities, in source file rtl/vga/smileybitmap.sv
    Info (12023): Found entity 1: smileyBitMap File: C:/Users/talsh/Desktop/MABADAA/proyect/Gil-Sherman/vga/RTL/VGA/smileyBitMap.sv Line: 9
Info (12021): Found 1 design units, including 1 entities, in source file rtl/vga/objects_mux.sv
    Info (12023): Found entity 1: objects_mux File: C:/Users/talsh/Desktop/MABADAA/proyect/Gil-Sherman/vga/RTL/VGA/objects_mux.sv Line: 7
Info (12021): Found 1 design units, including 1 entities, in source file rtl/vga/vga_controller.sv
    Info (12023): Found entity 1: VGA_Controller File: C:/Users/talsh/Desktop/MABADAA/proyect/Gil-Sherman/vga/RTL/VGA/VGA_Controller.sv Line: 6
Info (12021): Found 1 design units, including 1 entities, in source file rtl/vga/back_ground_draw.sv
    Info (12023): Found entity 1: back_ground_draw File: C:/Users/talsh/Desktop/MABADAA/proyect/Gil-Sherman/vga/RTL/VGA/back_ground_draw.sv Line: 8
Info (12021): Found 1 design units, including 1 entities, in source file rtl/vga/numbersbitmap.sv
    Info (12023): Found entity 1: NumbersBitMap File: C:/Users/talsh/Desktop/MABADAA/proyect/Gil-Sherman/vga/RTL/VGA/NumbersBitMap.sv Line: 8
Info (12021): Found 1 design units, including 1 entities, in source file rtl/mss/tonedecoder.sv
    Info (12023): Found entity 1: ToneDecoder File: C:/Users/talsh/Desktop/MABADAA/proyect/Gil-Sherman/vga/RTL/MSS/ToneDecoder.sv Line: 6
Info (12021): Found 1 design units, including 1 entities, in source file rtl/mss/top_mss_demo.bdf
    Info (12023): Found entity 1: TOP_MSS_DEMO
Info (12021): Found 1 design units, including 1 entities, in source file rtl/mss/sintable.sv
    Info (12023): Found entity 1: sintable File: C:/Users/talsh/Desktop/MABADAA/proyect/Gil-Sherman/vga/RTL/MSS/SinTable.sv Line: 8
Info (12021): Found 1 design units, including 1 entities, in source file rtl/mss/prescaler.sv
    Info (12023): Found entity 1: prescaler File: C:/Users/talsh/Desktop/MABADAA/proyect/Gil-Sherman/vga/RTL/MSS/prescaler.sv Line: 12
Info (12021): Found 1 design units, including 1 entities, in source file rtl/mss/data_conversion.sv
    Info (12023): Found entity 1: data_conversion File: C:/Users/talsh/Desktop/MABADAA/proyect/Gil-Sherman/vga/RTL/MSS/data_conversion.sv Line: 4
Info (12021): Found 1 design units, including 1 entities, in source file rtl/mss/addr_counter.sv
    Info (12023): Found entity 1: addr_counter File: C:/Users/talsh/Desktop/MABADAA/proyect/Gil-Sherman/vga/RTL/MSS/addr_counter.sv Line: 4
Info (12021): Found 1 design units, including 1 entities, in source file rtl/audio_codec_controller/audio_codec_controller.qxp
    Info (12023): Found entity 1: audio_codec_controller File: C:/Users/talsh/Desktop/MABADAA/proyect/Gil-Sherman/vga/RTL/audio_codec_controller/audio_codec_controller.qxp Line: -1
Info (12021): Found 1 design units, including 1 entities, in source file rtl/seg7/seg7.sv
    Info (12023): Found entity 1: SEG7 File: C:/Users/talsh/Desktop/MABADAA/proyect/Gil-Sherman/vga/RTL/Seg7/SEG7.SV Line: 4
Info (12021): Found 1 design units, including 1 entities, in source file rtl/keyboard/keypad_decoder.sv
    Info (12023): Found entity 1: keyPad_decoder File: C:/Users/talsh/Desktop/MABADAA/proyect/Gil-Sherman/vga/RTL/KEYBOARD/keyPad_decoder.sv Line: 5
Info (12021): Found 1 design units, including 1 entities, in source file rtl/vga/top_vga_demo_with_mss_all.bdf
    Info (12023): Found entity 1: TOP_VGA_DEMO_WITH_MSS_ALL
Info (12021): Found 1 design units, including 1 entities, in source file rtl/vga/back_ground_drawsquare.sv
    Info (12023): Found entity 1: back_ground_drawSquare File: C:/Users/talsh/Desktop/MABADAA/proyect/Gil-Sherman/vga/RTL/VGA/back_ground_drawSquare.sv Line: 8
Info (12021): Found 1 design units, including 1 entities, in source file rtl/vga/smileybitmapx2.sv
    Info (12023): Found entity 1: smileyBitMapX2 File: C:/Users/talsh/Desktop/MABADAA/proyect/Gil-Sherman/vga/RTL/VGA/smileyBitMapX2.sv Line: 9
Info (12021): Found 1 design units, including 1 entities, in source file /users/talsh/desktop/mabadaa/proyect/gil-sherman/debug/rtl/top_kbd_demoall.bdf
    Info (12023): Found entity 1: TOP_KBD_DEMOALL
Info (12021): Found 1 design units, including 1 entities, in source file /users/talsh/desktop/mabadaa/proyect/gil-sherman/tachless/top_lvl.bdf
    Info (12023): Found entity 1: TOP_LVL
Info (12021): Found 1 design units, including 1 entities, in source file /users/talsh/desktop/mabadaa/proyect/gil-sherman/tachless/background_priority_mux.sv
    Info (12023): Found entity 1: background_priority_mux File: C:/Users/talsh/Desktop/MABADAA/proyect/Gil-Sherman/tachless/background_priority_mux.sv Line: 4
Info (12021): Found 1 design units, including 1 entities, in source file /users/talsh/desktop/mabadaa/proyect/gil-sherman/tachless/enemy_generator.sv
    Info (12023): Found entity 1: enemy_generator File: C:/Users/talsh/Desktop/MABADAA/proyect/Gil-Sherman/tachless/enemy_generator.sv Line: 6
Info (12021): Found 1 design units, including 1 entities, in source file /users/talsh/desktop/mabadaa/proyect/gil-sherman/tachless/space_object_move.sv
    Info (12023): Found entity 1: space_object_move File: C:/Users/talsh/Desktop/MABADAA/proyect/Gil-Sherman/tachless/space_object_move.sv Line: 6
Error (10228): Verilog HDL error at tplftx.v(40): module "tplftx" cannot be declared more than once File: C:/Users/talsh/Desktop/MABADAA/proyect/Gil-Sherman/vga/tplftx.v Line: 40
Info (10499): HDL info at tplftx_bb.v(35): see declaration for object "tplftx" File: C:/Users/talsh/Desktop/MABADAA/proyect/Gil-Sherman/vga/tplftx_bb.v Line: 35
Info (12021): Found 0 design units, including 0 entities, in source file tplftx.v
Info (12021): Found 1 design units, including 1 entities, in source file /users/talsh/desktop/mabadaa/proyect/gil-sherman/tachless/spaceship_move.sv
    Info (12023): Found entity 1: spaceship_move File: C:/Users/talsh/Desktop/MABADAA/proyect/Gil-Sherman/tachless/spaceship_move.sv Line: 5
Info (12021): Found 1 design units, including 1 entities, in source file rtl/vga/player_object.sv
    Info (12023): Found entity 1: player_object File: C:/Users/talsh/Desktop/MABADAA/proyect/Gil-Sherman/vga/RTL/VGA/player_object.sv Line: 8
Info (12021): Found 1 design units, including 1 entities, in source file /users/talsh/desktop/mabadaa/proyect/gil-sherman/tachless/missile_move.sv
    Info (12023): Found entity 1: missile_move File: C:/Users/talsh/Desktop/MABADAA/proyect/Gil-Sherman/tachless/missile_move.sv Line: 5
Info (12021): Found 1 design units, including 1 entities, in source file basicbackground.v
    Info (12023): Found entity 1: basicBackground File: C:/Users/talsh/Desktop/MABADAA/proyect/Gil-Sherman/vga/basicBackground.v Line: 40
Info (12021): Found 1 design units, including 1 entities, in source file /users/talsh/desktop/mabadaa/proyect/gil-sherman/tachless/collision_detector.sv
    Info (12023): Found entity 1: collision_detector File: C:/Users/talsh/Desktop/MABADAA/proyect/Gil-Sherman/tachless/collision_detector.sv Line: 4
Info (144001): Generated suppressed messages file C:/Users/talsh/Desktop/MABADAA/proyect/Gil-Sherman/vga/output_files/Lab1Demo.map.smsg
Error: Quartus Prime Analysis & Synthesis was unsuccessful. 1 error, 0 warnings
    Error: Peak virtual memory: 4773 megabytes
    Error: Processing ended: Thu Aug 15 23:15:06 2019
    Error: Elapsed time: 00:00:13
    Error: Total CPU time (on all processors): 00:00:29


+------------------------------------------+
; Analysis & Synthesis Suppressed Messages ;
+------------------------------------------+
The suppressed messages can be found in C:/Users/talsh/Desktop/MABADAA/proyect/Gil-Sherman/vga/output_files/Lab1Demo.map.smsg.


